<?xml version="1.0" encoding="UTF-8"?>
<!-- Generated by org.testng.reporters.JUnitReportReporter -->
<testsuite hostname="A-PC0YPH5Z" failures="0" tests="3" name="oops.testngcases" time="0.014" errors="0" timestamp="2022-02-24T12:46:36 IST" skipped="0">
  <testcase classname="oops.testngcases" name="tc1" time="0.012"/>
  <system-out/>
  <testcase classname="oops.testngcases" name="tc2" time="0.001"/>
  <system-out/>
  <testcase classname="oops.testngcases" name="tc3" time="0.001"/>
  <system-out/>
</testsuite> <!-- oops.testngcases -->
